<?xml version="1.0" encoding="UTF-8"?>
<testsuite name="com.example.mywork.MyworkApplicationTests" tests="1" skipped="0" failures="0" errors="0" timestamp="2023-11-21T02:26:25" hostname="MacBook-Air-3.local" time="0.494">
  <properties/>
  <testcase name="contextLoads()" classname="com.example.mywork.MyworkApplicationTests" time="0.494"/>
  <system-out><![CDATA[11:26:23.320 [Test worker] INFO org.springframework.test.context.support.AnnotationConfigContextLoaderUtils -- Could not detect default configuration classes for test class [com.example.mywork.MyworkApplicationTests]: MyworkApplicationTests does not declare any static, non-private, non-final, nested classes annotated with @Configuration.
11:26:23.366 [Test worker] INFO org.springframework.boot.test.context.SpringBootTestContextBootstrapper -- Found @SpringBootConfiguration com.example.mywork.MyWorkApplication for test class com.example.mywork.MyworkApplicationTests

  .   ____          _            __ _ _
 /\\ / ___'_ __ _ _(_)_ __  __ _ \ \ \ \
( ( )\___ | '_ | '_| | '_ \/ _` | \ \ \ \
 \\/  ___)| |_)| | | | | || (_| |  ) ) ) )
  '  |____| .__|_| |_|_| |_\__, | / / / /
 =========|_|==============|___/=/_/_/_/
 :: Spring Boot ::                (v3.1.5)

2023-11-21T11:26:23.504+09:00  INFO 1436 --- [    Test worker] c.example.mywork.MyworkApplicationTests  : Starting MyworkApplicationTests using Java 17.0.9 with PID 1436 (started by g0729 in /Users/g0729/IdeaProjects/mywork3)
2023-11-21T11:26:23.505+09:00  INFO 1436 --- [    Test worker] c.example.mywork.MyworkApplicationTests  : No active profile set, falling back to 1 default profile: "default"
2023-11-21T11:26:23.821+09:00  INFO 1436 --- [    Test worker] .s.d.r.c.RepositoryConfigurationDelegate : Bootstrapping Spring Data JPA repositories in DEFAULT mode.
2023-11-21T11:26:23.844+09:00  INFO 1436 --- [    Test worker] .s.d.r.c.RepositoryConfigurationDelegate : Finished Spring Data repository scanning in 20 ms. Found 4 JPA repository interfaces.
2023-11-21T11:26:24.028+09:00  INFO 1436 --- [    Test worker] o.hibernate.jpa.internal.util.LogHelper  : HHH000204: Processing PersistenceUnitInfo [name: default]
2023-11-21T11:26:24.046+09:00  INFO 1436 --- [    Test worker] org.hibernate.Version                    : HHH000412: Hibernate ORM core version 6.2.13.Final
2023-11-21T11:26:24.046+09:00  INFO 1436 --- [    Test worker] org.hibernate.cfg.Environment            : HHH000406: Using bytecode reflection optimizer
2023-11-21T11:26:24.146+09:00  INFO 1436 --- [    Test worker] o.s.o.j.p.SpringPersistenceUnitInfo      : No LoadTimeWeaver setup: ignoring JPA class transformer
2023-11-21T11:26:24.155+09:00  INFO 1436 --- [    Test worker] com.zaxxer.hikari.HikariDataSource       : HikariPool-1 - Starting...
2023-11-21T11:26:24.262+09:00  INFO 1436 --- [    Test worker] com.zaxxer.hikari.pool.HikariPool        : HikariPool-1 - Added connection conn0: url=jdbc:h2:~/local user=SA
2023-11-21T11:26:24.263+09:00  INFO 1436 --- [    Test worker] com.zaxxer.hikari.HikariDataSource       : HikariPool-1 - Start completed.
2023-11-21T11:26:24.273+09:00  WARN 1436 --- [    Test worker] org.hibernate.orm.deprecation            : HHH90000025: H2Dialect does not need to be specified explicitly using 'hibernate.dialect' (remove the property setting and it will be selected by default)
2023-11-21T11:26:24.661+09:00  INFO 1436 --- [    Test worker] o.h.e.t.j.p.i.JtaPlatformInitiator       : HHH000489: No JTA platform available (set 'hibernate.transaction.jta.platform' to enable JTA platform integration)
2023-11-21T11:26:24.688+09:00  INFO 1436 --- [    Test worker] j.LocalContainerEntityManagerFactoryBean : Initialized JPA EntityManagerFactory for persistence unit 'default'
2023-11-21T11:26:24.842+09:00  INFO 1436 --- [    Test worker] o.s.d.j.r.query.QueryEnhancerFactory     : Hibernate is in classpath; If applicable, HQL parser will be used.
2023-11-21T11:26:25.120+09:00  WARN 1436 --- [    Test worker] JpaBaseConfiguration$JpaWebConfiguration : spring.jpa.open-in-view is enabled by default. Therefore, database queries may be performed during view rendering. Explicitly configure spring.jpa.open-in-view to disable this warning
2023-11-21T11:26:25.206+09:00  INFO 1436 --- [    Test worker] o.s.s.web.DefaultSecurityFilterChain     : Will secure any request with [org.springframework.security.web.session.DisableEncodeUrlFilter@605ef319, org.springframework.security.web.context.request.async.WebAsyncManagerIntegrationFilter@30182a74, org.springframework.security.web.context.SecurityContextHolderFilter@140a2add, org.springframework.security.web.header.HeaderWriterFilter@5ca29f17, org.springframework.security.web.csrf.CsrfFilter@1179c778, org.springframework.security.web.authentication.logout.LogoutFilter@27de073b, org.springframework.security.web.authentication.UsernamePasswordAuthenticationFilter@4be75a68, org.springframework.security.web.savedrequest.RequestCacheAwareFilter@263fc5f3, org.springframework.security.web.servletapi.SecurityContextHolderAwareRequestFilter@28089256, org.springframework.security.web.authentication.AnonymousAuthenticationFilter@6f8f0c59, org.springframework.security.web.access.ExceptionTranslationFilter@4d3a7025, org.springframework.security.web.access.intercept.AuthorizationFilter@6aa909cb]
2023-11-21T11:26:25.501+09:00  INFO 1436 --- [    Test worker] o.s.b.a.h2.H2ConsoleAutoConfiguration    : H2 console available at '/h2-console'. Database available at 'jdbc:h2:~/local'
2023-11-21T11:26:25.535+09:00  INFO 1436 --- [    Test worker] c.example.mywork.MyworkApplicationTests  : Started MyworkApplicationTests in 2.109 seconds (process running for 2.612)
]]></system-out>
  <system-err><![CDATA[]]></system-err>
</testsuite>
